0 info it worked if it ends with ok
1 verbose cli [ '/usr/local/Cellar/node/6.2.2/bin/node',
1 verbose cli   '/usr/local/bin/npm',
1 verbose cli   'install',
1 verbose cli   'package.json' ]
2 info using npm@3.9.5
3 info using node@v6.2.2
4 silly loadCurrentTree Starting
5 silly install loadCurrentTree
6 silly install readLocalPackageData
7 silly fetchPackageMetaData package.json
8 silly fetchOtherPackageData package.json
9 silly cache add args [ 'package.json', null ]
10 verbose cache add spec package.json
11 silly cache add parsed spec Result {
11 silly cache add   raw: 'package.json',
11 silly cache add   scope: null,
11 silly cache add   name: null,
11 silly cache add   rawSpec: 'package.json',
11 silly cache add   spec: '/Users/WiseYale/Desktop/thinkful/capstones/node-capstone/digi_directory/package.json',
11 silly cache add   type: 'local' }
12 silly addLocalTarball shasum (computed) c5a851142550c54e369932af8072ffec4a9e8441
13 verbose addTmpTarball /Users/WiseYale/Desktop/thinkful/capstones/node-capstone/digi_directory/package.json not in flight; adding
14 verbose correctMkdir /Users/WiseYale/.npm correctMkdir not in flight; initializing
15 verbose addTmpTarball validating metadata from /Users/WiseYale/Desktop/thinkful/capstones/node-capstone/digi_directory/package.json
16 verbose tar unpack /Users/WiseYale/Desktop/thinkful/capstones/node-capstone/digi_directory/package.json
17 verbose tar unpacking to /var/folders/c3/ss174jf156d31h3grqsf8fph0000gn/T/npm-12312-fcec4f11/unpack-d20df05e
18 silly gentlyRm /var/folders/c3/ss174jf156d31h3grqsf8fph0000gn/T/npm-12312-fcec4f11/unpack-d20df05e is being purged
19 verbose gentlyRm don't care about contents; nuking /var/folders/c3/ss174jf156d31h3grqsf8fph0000gn/T/npm-12312-fcec4f11/unpack-d20df05e
20 silly gunzTarPerm modes [ '755', '644' ]
21 error not a package /Users/WiseYale/Desktop/thinkful/capstones/node-capstone/digi_directory/package.json
22 error addLocal Could not install /Users/WiseYale/Desktop/thinkful/capstones/node-capstone/digi_directory/package.json
23 silly fetchPackageMetaData Error: ENOENT: no such file or directory, open '/var/folders/c3/ss174jf156d31h3grqsf8fph0000gn/T/npm-12312-fcec4f11/unpack-d20df05e/package.json'
23 silly fetchPackageMetaData     at Error (native)
23 silly fetchPackageMetaData  error for package.json { Error: ENOENT: no such file or directory, open '/var/folders/c3/ss174jf156d31h3grqsf8fph0000gn/T/npm-12312-fcec4f11/unpack-d20df05e/package.json'
23 silly fetchPackageMetaData     at Error (native)
23 silly fetchPackageMetaData   errno: -2,
23 silly fetchPackageMetaData   code: 'ENOENT',
23 silly fetchPackageMetaData   syscall: 'open',
23 silly fetchPackageMetaData   path: '/var/folders/c3/ss174jf156d31h3grqsf8fph0000gn/T/npm-12312-fcec4f11/unpack-d20df05e/package.json' }
24 silly rollbackFailedOptional Starting
25 silly rollbackFailedOptional Finishing
26 silly runTopLevelLifecycles Starting
27 silly runTopLevelLifecycles Finishing
28 silly install printInstalled
29 verbose stack Error: ENOENT: no such file or directory, open '/var/folders/c3/ss174jf156d31h3grqsf8fph0000gn/T/npm-12312-fcec4f11/unpack-d20df05e/package.json'
29 verbose stack     at Error (native)
30 verbose cwd /Users/WiseYale/Desktop/thinkful/capstones/node-capstone/digi_directory
31 error Darwin 14.5.0
32 error argv "/usr/local/Cellar/node/6.2.2/bin/node" "/usr/local/bin/npm" "install" "package.json"
33 error node v6.2.2
34 error npm  v3.9.5
35 error path /var/folders/c3/ss174jf156d31h3grqsf8fph0000gn/T/npm-12312-fcec4f11/unpack-d20df05e/package.json
36 error code ENOENT
37 error errno -2
38 error syscall open
39 error enoent ENOENT: no such file or directory, open '/var/folders/c3/ss174jf156d31h3grqsf8fph0000gn/T/npm-12312-fcec4f11/unpack-d20df05e/package.json'
40 error enoent ENOENT: no such file or directory, open '/var/folders/c3/ss174jf156d31h3grqsf8fph0000gn/T/npm-12312-fcec4f11/unpack-d20df05e/package.json'
40 error enoent This is most likely not a problem with npm itself
40 error enoent and is related to npm not being able to find a file.
41 verbose exit [ -2, true ]
